<?xml version="1.0" encoding="UTF-8"?>
<testng-results skipped="0" failed="1" ignored="0" total="1" passed="0">
  <reporter-output>
    <line>
      <![CDATA[====Browser Session Started====]]>
    </line>
    <line>
      <![CDATA[====Application  Started====]]>
    </line>
    <line>
      <![CDATA[====Browser Session Ended====]]>
    </line>
  </reporter-output>
  <suite name="Default suite" duration-ms="116423" started-at="2021-08-27T18:54:34 IST" finished-at="2021-08-27T18:56:31 IST">
    <groups>
    </groups>
    <test name="Default test" duration-ms="116423" started-at="2021-08-27T18:54:34 IST" finished-at="2021-08-27T18:56:31 IST">
      <class name="com.BMCME.debug.EventBookDDM">
        <test-method status="PASS" signature="setup()[pri:0, instance:com.BMCME.debug.EventBookDDM@bb9e6dc]" name="setup" is-config="true" duration-ms="50668" started-at="2021-08-27T18:54:34 IST" finished-at="2021-08-27T18:55:25 IST">
          <reporter-output>
            <line>
              <![CDATA[====Browser Session Started====]]>
            </line>
            <line>
              <![CDATA[====Application  Started====]]>
            </line>
          </reporter-output>
        </test-method> <!-- setup -->
        <test-method status="FAIL" signature="EventBook()[pri:1, instance:com.BMCME.debug.EventBookDDM@bb9e6dc]" name="EventBook" duration-ms="60932" started-at="2021-08-27T18:55:25 IST" finished-at="2021-08-27T18:56:26 IST">
          <exception class="org.openqa.selenium.support.ui.UnexpectedTagNameException">
            <message>
              <![CDATA[Element should have been "select" but was "span"
Build info: version: '3.141.59', revision: 'e82be7d358', time: '2018-11-14T08:17:03'
System info: host: 'SSW', ip: '192.168.56.1', os.name: 'Windows 10', os.arch: 'amd64', os.version: '10.0', java.version: '1.8.0_301'
Driver info: driver.version: unknown]]>
            </message>
            <full-stacktrace>
              <![CDATA[org.openqa.selenium.support.ui.UnexpectedTagNameException: Element should have been "select" but was "span"
Build info: version: '3.141.59', revision: 'e82be7d358', time: '2018-11-14T08:17:03'
System info: host: 'SSW', ip: '192.168.56.1', os.name: 'Windows 10', os.arch: 'amd64', os.version: '10.0', java.version: '1.8.0_301'
Driver info: driver.version: unknown
at org.openqa.selenium.support.ui.Select.<init>(Select.java:48)
at com.BMCME.debug.EventBookDDM.EventBook(EventBookDDM.java:110)
at sun.reflect.NativeMethodAccessorImpl.invoke0(Native Method)
at sun.reflect.NativeMethodAccessorImpl.invoke(Unknown Source)
at sun.reflect.DelegatingMethodAccessorImpl.invoke(Unknown Source)
at java.lang.reflect.Method.invoke(Unknown Source)
at org.testng.internal.MethodInvocationHelper.invokeMethod(MethodInvocationHelper.java:133)
at org.testng.internal.TestInvoker.invokeMethod(TestInvoker.java:598)
at org.testng.internal.TestInvoker.invokeTestMethod(TestInvoker.java:173)
at org.testng.internal.MethodRunner.runInSequence(MethodRunner.java:46)
at org.testng.internal.TestInvoker$MethodInvocationAgent.invoke(TestInvoker.java:824)
at org.testng.internal.TestInvoker.invokeTestMethods(TestInvoker.java:146)
at org.testng.internal.TestMethodWorker.invokeTestMethods(TestMethodWorker.java:146)
at org.testng.internal.TestMethodWorker.run(TestMethodWorker.java:128)
at java.util.ArrayList.forEach(Unknown Source)
at org.testng.TestRunner.privateRun(TestRunner.java:794)
at org.testng.TestRunner.run(TestRunner.java:596)
at org.testng.SuiteRunner.runTest(SuiteRunner.java:377)
at org.testng.SuiteRunner.runSequentially(SuiteRunner.java:371)
at org.testng.SuiteRunner.privateRun(SuiteRunner.java:332)
at org.testng.SuiteRunner.run(SuiteRunner.java:276)
at org.testng.SuiteRunnerWorker.runSuite(SuiteRunnerWorker.java:53)
at org.testng.SuiteRunnerWorker.run(SuiteRunnerWorker.java:96)
at org.testng.TestNG.runSuitesSequentially(TestNG.java:1212)
at org.testng.TestNG.runSuitesLocally(TestNG.java:1134)
at org.testng.TestNG.runSuites(TestNG.java:1063)
at org.testng.TestNG.run(TestNG.java:1031)
at org.testng.remote.AbstractRemoteTestNG.run(AbstractRemoteTestNG.java:115)
at org.testng.remote.RemoteTestNG.initAndRun(RemoteTestNG.java:251)
at org.testng.remote.RemoteTestNG.main(RemoteTestNG.java:77)
]]>
            </full-stacktrace>
          </exception> <!-- org.openqa.selenium.support.ui.UnexpectedTagNameException -->
          <reporter-output>
          </reporter-output>
        </test-method> <!-- EventBook -->
        <test-method status="PASS" signature="teardown()[pri:0, instance:com.BMCME.debug.EventBookDDM@bb9e6dc]" name="teardown" is-config="true" duration-ms="4684" started-at="2021-08-27T18:56:26 IST" finished-at="2021-08-27T18:56:31 IST">
          <reporter-output>
            <line>
              <![CDATA[====Browser Session Ended====]]>
            </line>
          </reporter-output>
        </test-method> <!-- teardown -->
      </class> <!-- com.BMCME.debug.EventBookDDM -->
    </test> <!-- Default test -->
  </suite> <!-- Default suite -->
</testng-results>
